<?xml version="1.0" encoding="UTF-8"?>
<testng-results ignored="0" total="1" passed="1" failed="0" skipped="0">
  <reporter-output>
  </reporter-output>
  <suite started-at="2026-09-22T13:31:22 IST" name="Default suite" finished-at="2026-09-22T13:32:34 IST" duration-ms="71798">
    <groups>
    </groups>
    <test started-at="2026-09-22T13:31:22 IST" name="Default test" finished-at="2026-09-22T13:32:34 IST" duration-ms="71798">
      <class name="Assessment2Test.TestOrangeHRM">
        <test-method is-config="true" signature="beforeSuite()[pri:0, instance:Assessment2Test.TestOrangeHRM@6a6cb05c]" started-at="2026-09-22T13:31:22 IST" name="beforeSuite" finished-at="2026-09-22T13:31:22 IST" duration-ms="15" status="PASS">
          <reporter-output>
          </reporter-output>
        </test-method> <!-- beforeSuite -->
        <test-method is-config="true" signature="BT()[pri:0, instance:Assessment2Test.TestOrangeHRM@6a6cb05c]" started-at="2026-09-22T13:31:22 IST" name="BT" finished-at="2026-09-22T13:31:22 IST" duration-ms="1" status="PASS">
          <reporter-output>
          </reporter-output>
        </test-method> <!-- BT -->
        <test-method is-config="true" signature="beforeClass()[pri:0, instance:Assessment2Test.TestOrangeHRM@6a6cb05c]" started-at="2026-09-22T13:31:22 IST" name="beforeClass" finished-at="2026-09-22T13:31:25 IST" duration-ms="2419" status="PASS">
          <reporter-output>
          </reporter-output>
        </test-method> <!-- beforeClass -->
        <test-method is-config="true" signature="beforeMethod()[pri:0, instance:Assessment2Test.TestOrangeHRM@6a6cb05c]" started-at="2026-09-22T13:31:25 IST" name="beforeMethod" finished-at="2026-09-22T13:31:43 IST" duration-ms="18087" status="PASS">
          <reporter-output>
          </reporter-output>
        </test-method> <!-- beforeMethod -->
        <test-method signature="test1()[pri:0, instance:Assessment2Test.TestOrangeHRM@6a6cb05c]" started-at="2026-09-22T13:31:43 IST" name="test1" finished-at="2026-09-22T13:32:34 IST" duration-ms="50843" status="PASS">
          <reporter-output>
          </reporter-output>
        </test-method> <!-- test1 -->
        <test-method is-config="true" signature="afterMethod()[pri:0, instance:Assessment2Test.TestOrangeHRM@6a6cb05c]" started-at="2026-09-22T13:32:34 IST" name="afterMethod" finished-at="2026-09-22T13:32:34 IST" duration-ms="1" status="PASS">
          <reporter-output>
          </reporter-output>
        </test-method> <!-- afterMethod -->
        <test-method is-config="true" signature="afterClass()[pri:0, instance:Assessment2Test.TestOrangeHRM@6a6cb05c]" started-at="2026-09-22T13:32:34 IST" name="afterClass" finished-at="2026-09-22T13:32:34 IST" duration-ms="357" status="PASS">
          <reporter-output>
          </reporter-output>
        </test-method> <!-- afterClass -->
        <test-method is-config="true" signature="AT()[pri:0, instance:Assessment2Test.TestOrangeHRM@6a6cb05c]" started-at="2026-09-22T13:32:34 IST" name="AT" finished-at="2026-09-22T13:32:34 IST" duration-ms="1" status="PASS">
          <reporter-output>
          </reporter-output>
        </test-method> <!-- AT -->
        <test-method is-config="true" signature="afterSuite()[pri:0, instance:Assessment2Test.TestOrangeHRM@6a6cb05c]" started-at="2026-09-22T13:32:34 IST" name="afterSuite" finished-at="2026-09-22T13:32:34 IST" duration-ms="1" status="PASS">
          <reporter-output>
          </reporter-output>
        </test-method> <!-- afterSuite -->
      </class> <!-- Assessment2Test.TestOrangeHRM -->
    </test> <!-- Default test -->
  </suite> <!-- Default suite -->
</testng-results>
